<?xml version="1.0" encoding="UTF-8"?>
<!-- Generated by org.testng.reporters.JUnitXMLReporter -->
<testsuite hostname="Gururaj" name="Test" tests="1" failures="1" timestamp="20 Jan 2018 09:54:31 GMT" time="4.344" errors="0">
  <testcase name="testValidLoginLogout" time="0.052" classname="scripts.ValidLoginLogout">
    <failure type="java.lang.NullPointerException">
      <![CDATA[java.lang.NullPointerException
	at org.openqa.selenium.support.pagefactory.DefaultElementLocator.findElement(DefaultElementLocator.java:69)
	at org.openqa.selenium.support.pagefactory.internal.LocatingElementHandler.invoke(LocatingElementHandler.java:38)
	at com.sun.proxy.$Proxy6.sendKeys(Unknown Source)
	at pom.ActiTime_LoginPage.enterUN(ActiTime_LoginPage.java:29)
	at scripts.ValidLoginLogout.testValidLoginLogout(ValidLoginLogout.java:22)
... Removed 24 stack frames]]>
    </failure>
  </testcase> <!-- testValidLoginLogout -->
</testsuite> <!-- Test -->
